<?xml version="1.0" encoding="UTF-8"?>
<!-- Generated by org.testng.reporters.JUnitReportReporter -->
<testsuite hostname="LAPTOP-A54UQEV7" failures="0" tests="8" name="tests.googleSearch" time="92.827" errors="0" timestamp="2021-07-08T16:54:00 IST" skipped="0">
  <testcase classname="tests.googleSearch" name="VerifyGooglepage" time="9.771"/>
  <system-out/>
  <testcase classname="tests.googleSearch" name="InvalidSearchText" time="12.313"/>
  <system-out/>
  <testcase classname="tests.googleSearch" name="VerifyLinks" time="14.302"/>
  <system-out/>
  <testcase classname="tests.googleSearch" name="VerifyFeelingLuckyButton" time="10.160"/>
  <system-out/>
  <testcase classname="tests.googleSearch" name="VerifySearch" time="17.454"/>
  <system-out/>
  <testcase classname="tests.googleSearch" name="GmailSignIn" time="14.525"/>
  <system-out/>
  <testcase classname="tests.googleSearch" name="Languagelinks" time="8.838"/>
  <system-out/>
  <testcase classname="tests.googleSearch" name="LinkCount" time="5.464"/>
  <system-out/>
</testsuite> <!-- tests.googleSearch -->
